<?xml version="1.0" encoding="UTF-8"?>
<testng-results ignored="0" total="3" passed="3" failed="0" skipped="0">
  <reporter-output>
  </reporter-output>
  <suite started-at="2023-10-24T20:44:28 EDT" name="Suite" finished-at="2023-10-24T20:44:33 EDT" duration-ms="5645">
    <groups>
    </groups>
    <test started-at="2023-10-24T20:44:28 EDT" name="Test" finished-at="2023-10-24T20:44:33 EDT" duration-ms="5645">
      <class name="Test.SimpleTest">
        <test-method is-config="true" signature="ibrowser(java.lang.String,java.lang.String)[pri:0, instance:Test.SimpleTest@28261e8e]" started-at="2023-10-24T20:44:28 EDT" name="ibrowser" finished-at="2023-10-24T20:44:33 EDT" duration-ms="5409" status="PASS">
          <params>
            <param index="0">
              <value>
                <![CDATA[chrome]]>
              </value>
            </param>
            <param index="1">
              <value>
                <![CDATA[https://www.amazon.com/]]>
              </value>
            </param>
          </params>
          <reporter-output>
          </reporter-output>
        </test-method> <!-- ibrowser -->
        <test-method signature="testcase1()[pri:0, instance:Test.SimpleTest@28261e8e]" started-at="2023-10-24T20:44:33 EDT" name="testcase1" finished-at="2023-10-24T20:44:33 EDT" duration-ms="4" status="PASS">
          <reporter-output>
          </reporter-output>
        </test-method> <!-- testcase1 -->
        <test-method signature="testcase2()[pri:0, instance:Test.SimpleTest@28261e8e]" started-at="2023-10-24T20:44:33 EDT" name="testcase2" finished-at="2023-10-24T20:44:33 EDT" duration-ms="1" status="PASS">
          <reporter-output>
          </reporter-output>
        </test-method> <!-- testcase2 -->
        <test-method signature="testcase3()[pri:0, instance:Test.SimpleTest@28261e8e]" started-at="2023-10-24T20:44:33 EDT" name="testcase3" finished-at="2023-10-24T20:44:33 EDT" duration-ms="1" status="PASS">
          <reporter-output>
          </reporter-output>
        </test-method> <!-- testcase3 -->
        <test-method is-config="true" signature="afterClass()[pri:0, instance:Test.SimpleTest@28261e8e]" started-at="2023-10-24T20:44:33 EDT" name="afterClass" finished-at="2023-10-24T20:44:33 EDT" duration-ms="196" status="PASS">
          <reporter-output>
          </reporter-output>
        </test-method> <!-- afterClass -->
      </class> <!-- Test.SimpleTest -->
    </test> <!-- Test -->
  </suite> <!-- Suite -->
</testng-results>
